  Battleship.cpp
C:\Users\Krillenum (Mat)\Desktop\Work Asset\Modules\Object oriented programming\OOPRO4\Exam\OOPOR4_exam\Code\Battleship\Battleship\Boat.h(8,6): error C2143: syntax error: missing ';' before '*'
C:\Users\Krillenum (Mat)\Desktop\Work Asset\Modules\Object oriented programming\OOPRO4\Exam\OOPOR4_exam\Code\Battleship\Battleship\Boat.h(8,6): error C4430: missing type specifier - int assumed. Note: C++ does not support default-int
C:\Users\Krillenum (Mat)\Desktop\Work Asset\Modules\Object oriented programming\OOPRO4\Exam\OOPOR4_exam\Code\Battleship\Battleship\Boat.h(8,14): error C2238: unexpected token(s) preceding ';'
C:\Users\Krillenum (Mat)\Desktop\Work Asset\Modules\Object oriented programming\OOPRO4\Exam\OOPOR4_exam\Code\Battleship\Battleship\Controller.h(14,9): error C3646: 'GetPlayerInput': unknown override specifier
C:\Users\Krillenum (Mat)\Desktop\Work Asset\Modules\Object oriented programming\OOPRO4\Exam\OOPOR4_exam\Code\Battleship\Battleship\Controller.h(14,23): error C2059: syntax error: '('
C:\Users\Krillenum (Mat)\Desktop\Work Asset\Modules\Object oriented programming\OOPRO4\Exam\OOPOR4_exam\Code\Battleship\Battleship\Controller.h(14,25): error C2238: unexpected token(s) preceding ';'
  BoatManager.cpp
C:\Users\Krillenum (Mat)\Desktop\Work Asset\Modules\Object oriented programming\OOPRO4\Exam\OOPOR4_exam\Code\Battleship\Battleship\Tile.h(14,6): error C2143: syntax error: missing ';' before '*'
C:\Users\Krillenum (Mat)\Desktop\Work Asset\Modules\Object oriented programming\OOPRO4\Exam\OOPOR4_exam\Code\Battleship\Battleship\Tile.h(14,6): error C4430: missing type specifier - int assumed. Note: C++ does not support default-int
C:\Users\Krillenum (Mat)\Desktop\Work Asset\Modules\Object oriented programming\OOPRO4\Exam\OOPOR4_exam\Code\Battleship\Battleship\Tile.h(14,17): error C2238: unexpected token(s) preceding ';'
C:\Users\Krillenum (Mat)\Desktop\Work Asset\Modules\Object oriented programming\OOPRO4\Exam\OOPOR4_exam\Code\Battleship\Battleship\Tile.h(15,15): error C2061: syntax error: identifier 'Boat'
C:\Users\Krillenum (Mat)\Desktop\Work Asset\Modules\Object oriented programming\OOPRO4\Exam\OOPOR4_exam\Code\Battleship\Battleship\Tile.h(20,6): error C2143: syntax error: missing ';' before '*'
C:\Users\Krillenum (Mat)\Desktop\Work Asset\Modules\Object oriented programming\OOPRO4\Exam\OOPOR4_exam\Code\Battleship\Battleship\Tile.h(20,6): error C4430: missing type specifier - int assumed. Note: C++ does not support default-int
C:\Users\Krillenum (Mat)\Desktop\Work Asset\Modules\Object oriented programming\OOPRO4\Exam\OOPOR4_exam\Code\Battleship\Battleship\Tile.h(20,12): error C2238: unexpected token(s) preceding ';'
C:\Users\Krillenum (Mat)\Desktop\Work Asset\Modules\Object oriented programming\OOPRO4\Exam\OOPOR4_exam\Code\Battleship\Battleship\Tile.h(30,13): error C2143: syntax error: missing ';' before '*'
C:\Users\Krillenum (Mat)\Desktop\Work Asset\Modules\Object oriented programming\OOPRO4\Exam\OOPOR4_exam\Code\Battleship\Battleship\Tile.h(30,13): error C4430: missing type specifier - int assumed. Note: C++ does not support default-int
C:\Users\Krillenum (Mat)\Desktop\Work Asset\Modules\Object oriented programming\OOPRO4\Exam\OOPOR4_exam\Code\Battleship\Battleship\Tile.h(30,31): error C2238: unexpected token(s) preceding ';'
C:\Users\Krillenum (Mat)\Desktop\Work Asset\Modules\Object oriented programming\OOPRO4\Exam\OOPOR4_exam\Code\Battleship\Battleship\Tile.h(33,13): error C2143: syntax error: missing ';' before '*'
C:\Users\Krillenum (Mat)\Desktop\Work Asset\Modules\Object oriented programming\OOPRO4\Exam\OOPOR4_exam\Code\Battleship\Battleship\Tile.h(33,13): error C4430: missing type specifier - int assumed. Note: C++ does not support default-int
C:\Users\Krillenum (Mat)\Desktop\Work Asset\Modules\Object oriented programming\OOPRO4\Exam\OOPOR4_exam\Code\Battleship\Battleship\Tile.h(33,17): error C2238: unexpected token(s) preceding ';'
C:\Users\Krillenum (Mat)\Desktop\Work Asset\Modules\Object oriented programming\OOPRO4\Exam\OOPOR4_exam\Code\Battleship\Battleship\Tile.h(43,13): error C2143: syntax error: missing ';' before '*'
C:\Users\Krillenum (Mat)\Desktop\Work Asset\Modules\Object oriented programming\OOPRO4\Exam\OOPOR4_exam\Code\Battleship\Battleship\Tile.h(43,13): error C4430: missing type specifier - int assumed. Note: C++ does not support default-int
C:\Users\Krillenum (Mat)\Desktop\Work Asset\Modules\Object oriented programming\OOPRO4\Exam\OOPOR4_exam\Code\Battleship\Battleship\Tile.h(43,31): error C2238: unexpected token(s) preceding ';'
C:\Users\Krillenum (Mat)\Desktop\Work Asset\Modules\Object oriented programming\OOPRO4\Exam\OOPOR4_exam\Code\Battleship\Battleship\Tile.h(46,13): error C2143: syntax error: missing ';' before '*'
C:\Users\Krillenum (Mat)\Desktop\Work Asset\Modules\Object oriented programming\OOPRO4\Exam\OOPOR4_exam\Code\Battleship\Battleship\Tile.h(46,13): error C4430: missing type specifier - int assumed. Note: C++ does not support default-int
C:\Users\Krillenum (Mat)\Desktop\Work Asset\Modules\Object oriented programming\OOPRO4\Exam\OOPOR4_exam\Code\Battleship\Battleship\Tile.h(46,17): error C2238: unexpected token(s) preceding ';'
C:\Users\Krillenum (Mat)\Desktop\Work Asset\Modules\Object oriented programming\OOPRO4\Exam\OOPOR4_exam\Code\Battleship\Battleship\Tile.h(56,13): error C2143: syntax error: missing ';' before '*'
C:\Users\Krillenum (Mat)\Desktop\Work Asset\Modules\Object oriented programming\OOPRO4\Exam\OOPOR4_exam\Code\Battleship\Battleship\Tile.h(56,13): error C4430: missing type specifier - int assumed. Note: C++ does not support default-int
C:\Users\Krillenum (Mat)\Desktop\Work Asset\Modules\Object oriented programming\OOPRO4\Exam\OOPOR4_exam\Code\Battleship\Battleship\Tile.h(56,31): error C2238: unexpected token(s) preceding ';'
C:\Users\Krillenum (Mat)\Desktop\Work Asset\Modules\Object oriented programming\OOPRO4\Exam\OOPOR4_exam\Code\Battleship\Battleship\Tile.h(59,13): error C2143: syntax error: missing ';' before '*'
C:\Users\Krillenum (Mat)\Desktop\Work Asset\Modules\Object oriented programming\OOPRO4\Exam\OOPOR4_exam\Code\Battleship\Battleship\Tile.h(59,13): error C4430: missing type specifier - int assumed. Note: C++ does not support default-int
C:\Users\Krillenum (Mat)\Desktop\Work Asset\Modules\Object oriented programming\OOPRO4\Exam\OOPOR4_exam\Code\Battleship\Battleship\Tile.h(59,17): error C2238: unexpected token(s) preceding ';'
  BotAI.cpp
C:\Users\Krillenum (Mat)\Desktop\Work Asset\Modules\Object oriented programming\OOPRO4\Exam\OOPOR4_exam\Code\Battleship\Battleship\Boat.h(8,6): error C2143: syntax error: missing ';' before '*'
C:\Users\Krillenum (Mat)\Desktop\Work Asset\Modules\Object oriented programming\OOPRO4\Exam\OOPOR4_exam\Code\Battleship\Battleship\Boat.h(8,6): error C4430: missing type specifier - int assumed. Note: C++ does not support default-int
C:\Users\Krillenum (Mat)\Desktop\Work Asset\Modules\Object oriented programming\OOPRO4\Exam\OOPOR4_exam\Code\Battleship\Battleship\Boat.h(8,14): error C2238: unexpected token(s) preceding ';'
  BotStrategy.cpp
  Controller.cpp
C:\Users\Krillenum (Mat)\Desktop\Work Asset\Modules\Object oriented programming\OOPRO4\Exam\OOPOR4_exam\Code\Battleship\Battleship\Boat.h(8,6): error C2143: syntax error: missing ';' before '*'
C:\Users\Krillenum (Mat)\Desktop\Work Asset\Modules\Object oriented programming\OOPRO4\Exam\OOPOR4_exam\Code\Battleship\Battleship\Boat.h(8,6): error C4430: missing type specifier - int assumed. Note: C++ does not support default-int
C:\Users\Krillenum (Mat)\Desktop\Work Asset\Modules\Object oriented programming\OOPRO4\Exam\OOPOR4_exam\Code\Battleship\Battleship\Boat.h(8,14): error C2238: unexpected token(s) preceding ';'
C:\Users\Krillenum (Mat)\Desktop\Work Asset\Modules\Object oriented programming\OOPRO4\Exam\OOPOR4_exam\Code\Battleship\Battleship\Controller.h(14,9): error C3646: 'GetPlayerInput': unknown override specifier
C:\Users\Krillenum (Mat)\Desktop\Work Asset\Modules\Object oriented programming\OOPRO4\Exam\OOPOR4_exam\Code\Battleship\Battleship\Controller.h(14,23): error C2059: syntax error: '('
C:\Users\Krillenum (Mat)\Desktop\Work Asset\Modules\Object oriented programming\OOPRO4\Exam\OOPOR4_exam\Code\Battleship\Battleship\Controller.h(14,25): error C2238: unexpected token(s) preceding ';'
C:\Users\Krillenum (Mat)\Desktop\Work Asset\Modules\Object oriented programming\OOPRO4\Exam\OOPOR4_exam\Code\Battleship\Battleship\Controller.cpp(16,20): error C2039: 'GetPlayerInput': is not a member of 'Controller'
C:\Users\Krillenum (Mat)\Desktop\Work Asset\Modules\Object oriented programming\OOPRO4\Exam\OOPOR4_exam\Code\Battleship\Battleship\Controller.h(7,7): message : see declaration of 'Controller'
C:\Users\Krillenum (Mat)\Desktop\Work Asset\Modules\Object oriented programming\OOPRO4\Exam\OOPOR4_exam\Code\Battleship\Battleship\Controller.cpp(16,34): error C4430: missing type specifier - int assumed. Note: C++ does not support default-int
C:\Users\Krillenum (Mat)\Desktop\Work Asset\Modules\Object oriented programming\OOPRO4\Exam\OOPOR4_exam\Code\Battleship\Battleship\Controller.cpp(16,34): error C2146: syntax error: missing ';' before identifier 'GetPlayerInput'
C:\Users\Krillenum (Mat)\Desktop\Work Asset\Modules\Object oriented programming\OOPRO4\Exam\OOPOR4_exam\Code\Battleship\Battleship\Controller.cpp(17,1): error C2143: syntax error: missing ';' before '{'
C:\Users\Krillenum (Mat)\Desktop\Work Asset\Modules\Object oriented programming\OOPRO4\Exam\OOPOR4_exam\Code\Battleship\Battleship\Controller.cpp(17,1): error C2447: '{': missing function header (old-style formal list?)
  Grid.cpp
C:\Users\Krillenum (Mat)\Desktop\Work Asset\Modules\Object oriented programming\OOPRO4\Exam\OOPOR4_exam\Code\Battleship\Battleship\Boat.h(8,6): error C2143: syntax error: missing ';' before '*'
C:\Users\Krillenum (Mat)\Desktop\Work Asset\Modules\Object oriented programming\OOPRO4\Exam\OOPOR4_exam\Code\Battleship\Battleship\Boat.h(8,6): error C4430: missing type specifier - int assumed. Note: C++ does not support default-int
C:\Users\Krillenum (Mat)\Desktop\Work Asset\Modules\Object oriented programming\OOPRO4\Exam\OOPOR4_exam\Code\Battleship\Battleship\Boat.h(8,14): error C2238: unexpected token(s) preceding ';'
  Model.cpp
C:\Users\Krillenum (Mat)\Desktop\Work Asset\Modules\Object oriented programming\OOPRO4\Exam\OOPOR4_exam\Code\Battleship\Battleship\Boat.h(8,6): error C2143: syntax error: missing ';' before '*'
C:\Users\Krillenum (Mat)\Desktop\Work Asset\Modules\Object oriented programming\OOPRO4\Exam\OOPOR4_exam\Code\Battleship\Battleship\Boat.h(8,6): error C4430: missing type specifier - int assumed. Note: C++ does not support default-int
C:\Users\Krillenum (Mat)\Desktop\Work Asset\Modules\Object oriented programming\OOPRO4\Exam\OOPOR4_exam\Code\Battleship\Battleship\Boat.h(8,14): error C2238: unexpected token(s) preceding ';'
  PlayerInfo.cpp
  Tile.cpp
C:\Users\Krillenum (Mat)\Desktop\Work Asset\Modules\Object oriented programming\OOPRO4\Exam\OOPOR4_exam\Code\Battleship\Battleship\Boat.h(8,6): error C2143: syntax error: missing ';' before '*'
C:\Users\Krillenum (Mat)\Desktop\Work Asset\Modules\Object oriented programming\OOPRO4\Exam\OOPOR4_exam\Code\Battleship\Battleship\Boat.h(8,6): error C4430: missing type specifier - int assumed. Note: C++ does not support default-int
C:\Users\Krillenum (Mat)\Desktop\Work Asset\Modules\Object oriented programming\OOPRO4\Exam\OOPOR4_exam\Code\Battleship\Battleship\Boat.h(8,14): error C2238: unexpected token(s) preceding ';'
  View.cpp
C:\Users\Krillenum (Mat)\Desktop\Work Asset\Modules\Object oriented programming\OOPRO4\Exam\OOPOR4_exam\Code\Battleship\Battleship\Boat.h(8,6): error C2143: syntax error: missing ';' before '*'
C:\Users\Krillenum (Mat)\Desktop\Work Asset\Modules\Object oriented programming\OOPRO4\Exam\OOPOR4_exam\Code\Battleship\Battleship\Boat.h(8,6): error C4430: missing type specifier - int assumed. Note: C++ does not support default-int
C:\Users\Krillenum (Mat)\Desktop\Work Asset\Modules\Object oriented programming\OOPRO4\Exam\OOPOR4_exam\Code\Battleship\Battleship\Boat.h(8,14): error C2238: unexpected token(s) preceding ';'
  Generating Code...
